# JRE version: Java(TM) SE Runtime Environment (8.0_25-b18) (build 1.8.0_25-b18)
# Java VM: Java HotSpot(TM) 64-Bit Server VM (25.25-b02 mixed mode windows-amd64 compressed oops)
Heap:
 PSYoungGen      total 258048K, used 13407K [0x00000000eab00000, 0x00000000fc080000, 0x0000000100000000)
  eden space 255488K, 5% used [0x00000000eab00000,0x00000000eb817e60,0x00000000fa480000)
  from space 2560K, 0% used [0x00000000fa480000,0x00000000fa480000,0x00000000fa700000)
  to   space 14336K, 0% used [0x00000000fb280000,0x00000000fb280000,0x00000000fc080000)
 ParOldGen       total 650240K, used 156461K [0x00000000c0000000, 0x00000000e7b00000, 0x00000000eab00000)
  object space 650240K, 24% used [0x00000000c0000000,0x00000000c98cb7e0,0x00000000e7b00000)
 Metaspace       used 117170K, capacity 123564K, committed 123904K, reserved 1159168K
  class space    used 12922K, capacity 14762K, committed 14848K, reserved 1048576K
GC Heap History (10 events):
Event: 15812.903 GC heap before
{Heap before GC invocations=612 (full 246):
 PSYoungGen      total 271360K, used 416K [0x00000000eab00000, 0x00000000fc580000, 0x0000000100000000)
  eden space 254464K, 0% used [0x00000000eab00000,0x00000000eab00000,0x00000000fa380000)
  from space 16896K, 2% used [0x00000000fb500000,0x00000000fb568000,0x00000000fc580000)
  to   space 17408K, 0% used [0x00000000fa380000,0x00000000fa380000,0x00000000fb480000)
 ParOldGen       total 650240K, used 155967K [0x00000000c0000000, 0x00000000e7b00000, 0x00000000eab00000)
  object space 650240K, 23% used [0x00000000c0000000,0x00000000c984ffc0,0x00000000e7b00000)
 Metaspace       used 117151K, capacity 123494K, committed 123904K, reserved 1159168K
  class space    used 12921K, capacity 14761K, committed 14848K, reserved 1048576K
Event: 15813.346 GC heap after
Heap after GC invocations=612 (full 246):
 PSYoungGen      total 271360K, used 0K [0x00000000eab00000, 0x00000000fc580000, 0x0000000100000000)
  eden space 254464K, 0% used [0x00000000eab00000,0x00000000eab00000,0x00000000fa380000)
  from space 16896K, 0% used [0x00000000fb500000,0x00000000fb500000,0x00000000fc580000)
  to   space 17408K, 0% used [0x00000000fa380000,0x00000000fa380000,0x00000000fb480000)
 ParOldGen       total 650240K, used 156012K [0x00000000c0000000, 0x00000000e7b00000, 0x00000000eab00000)
  object space 650240K, 23% used [0x00000000c0000000,0x00000000c985b378,0x00000000e7b00000)
 Metaspace       used 117151K, capacity 123494K, committed 123904K, reserved 1159168K
  class space    used 12921K, capacity 14761K, committed 14848K, reserved 1048576K
}
Event: 15874.592 GC heap before
{Heap before GC invocations=613 (full 246):
 PSYoungGen      total 271360K, used 254464K [0x00000000eab00000, 0x00000000fc580000, 0x0000000100000000)
  eden space 254464K, 100% used [0x00000000eab00000,0x00000000fa380000,0x00000000fa380000)
  from space 16896K, 0% used [0x00000000fb500000,0x00000000fb500000,0x00000000fc580000)
  to   space 17408K, 0% used [0x00000000fa380000,0x00000000fa380000,0x00000000fb480000)
 ParOldGen       total 650240K, used 156012K [0x00000000c0000000, 0x00000000e7b00000, 0x00000000eab00000)
  object space 650240K, 23% used [0x00000000c0000000,0x00000000c985b378,0x00000000e7b00000)
 Metaspace       used 117160K, capacity 123494K, committed 123904K, reserved 1159168K
  class space    used 12921K, capacity 14761K, committed 14848K, reserved 1048576K
Event: 15874.600 GC heap after
Heap after GC invocations=613 (full 246):
 PSYoungGen      total 271872K, used 1872K [0x00000000eab00000, 0x00000000fc480000, 0x0000000100000000)
  eden space 254464K, 0% used [0x00000000eab00000,0x00000000eab00000,0x00000000fa380000)
  from space 17408K, 10% used [0x00000000fa380000,0x00000000fa554010,0x00000000fb480000)
  to   space 16384K, 0% used [0x00000000fb480000,0x00000000fb480000,0x00000000fc480000)
 ParOldGen       total 650240K, used 156012K [0x00000000c0000000, 0x00000000e7b00000, 0x00000000eab00000)
  object space 650240K, 23% used [0x00000000c0000000,0x00000000c985b378,0x00000000e7b00000)
 Metaspace       used 117160K, capacity 123494K, committed 123904K, reserved 1159168K
  class space    used 12921K, capacity 14761K, committed 14848K, reserved 1048576K
}
Event: 15884.515 GC heap before
{Heap before GC invocations=614 (full 246):
 PSYoungGen      total 271872K, used 256336K [0x00000000eab00000, 0x00000000fc480000, 0x0000000100000000)
  eden space 254464K, 100% used [0x00000000eab00000,0x00000000fa380000,0x00000000fa380000)
  from space 17408K, 10% used [0x00000000fa380000,0x00000000fa554010,0x00000000fb480000)
  to   space 16384K, 0% used [0x00000000fb480000,0x00000000fb480000,0x00000000fc480000)
 ParOldGen       total 650240K, used 156012K [0x00000000c0000000, 0x00000000e7b00000, 0x00000000eab00000)
  object space 650240K, 23% used [0x00000000c0000000,0x00000000c985b378,0x00000000e7b00000)
 Metaspace       used 117164K, capacity 123558K, committed 123904K, reserved 1159168K
  class space    used 12921K, capacity 14761K, committed 14848K, reserved 1048576K
Event: 15884.532 GC heap after
Heap after GC invocations=614 (full 246):
 PSYoungGen      total 269824K, used 3872K [0x00000000eab00000, 0x00000000fc280000, 0x0000000100000000)
  eden space 255488K, 0% used [0x00000000eab00000,0x00000000eab00000,0x00000000fa480000)
  from space 14336K, 27% used [0x00000000fb480000,0x00000000fb848000,0x00000000fc280000)
  to   space 15360K, 0% used [0x00000000fa480000,0x00000000fa480000,0x00000000fb380000)
 ParOldGen       total 650240K, used 156012K [0x00000000c0000000, 0x00000000e7b00000, 0x00000000eab00000)
  object space 650240K, 23% used [0x00000000c0000000,0x00000000c985b378,0x00000000e7b00000)
 Metaspace       used 117164K, capacity 123558K, committed 123904K, reserved 1159168K
  class space    used 12921K, capacity 14761K, committed 14848K, reserved 1048576K
}
Event: 15886.435 GC heap before
{Heap before GC invocations=615 (full 246):
 PSYoungGen      total 269824K, used 18220K [0x00000000eab00000, 0x00000000fc280000, 0x0000000100000000)
  eden space 255488K, 5% used [0x00000000eab00000,0x00000000eb903380,0x00000000fa480000)
  from space 14336K, 27% used [0x00000000fb480000,0x00000000fb848000,0x00000000fc280000)
  to   space 15360K, 0% used [0x00000000fa480000,0x00000000fa480000,0x00000000fb380000)
 ParOldGen       total 650240K, used 156012K [0x00000000c0000000, 0x00000000e7b00000, 0x00000000eab00000)
  object space 650240K, 23% used [0x00000000c0000000,0x00000000c985b378,0x00000000e7b00000)
 Metaspace       used 117168K, capacity 123564K, committed 123904K, reserved 1159168K
  class space    used 12922K, capacity 14762K, committed 14848K, reserved 1048576K
Event: 15886.444 GC heap after
Heap after GC invocations=615 (full 246):
 PSYoungGen      total 258048K, used 2112K [0x00000000eab00000, 0x00000000fc080000, 0x0000000100000000)
  eden space 255488K, 0% used [0x00000000eab00000,0x00000000eab00000,0x00000000fa480000)
  from space 2560K, 82% used [0x00000000fa480000,0x00000000fa690000,0x00000000fa700000)
  to   space 14336K, 0% used [0x00000000fb280000,0x00000000fb280000,0x00000000fc080000)
 ParOldGen       total 650240K, used 156012K [0x00000000c0000000, 0x00000000e7b00000, 0x00000000eab00000)
  object space 650240K, 23% used [0x00000000c0000000,0x00000000c985b378,0x00000000e7b00000)
 Metaspace       used 117168K, capacity 123564K, committed 123904K, reserved 1159168K
  class space    used 12922K, capacity 14762K, committed 14848K, reserved 1048576K
}
Event: 15886.445 GC heap before
{Heap before GC invocations=616 (full 247):
 PSYoungGen      total 258048K, used 2112K [0x00000000eab00000, 0x00000000fc080000, 0x0000000100000000)
  eden space 255488K, 0% used [0x00000000eab00000,0x00000000eab00000,0x00000000fa480000)
  from space 2560K, 82% used [0x00000000fa480000,0x00000000fa690000,0x00000000fa700000)
  to   space 14336K, 0% used [0x00000000fb280000,0x00000000fb280000,0x00000000fc080000)
 ParOldGen       total 650240K, used 156012K [0x00000000c0000000, 0x00000000e7b00000, 0x00000000eab00000)
  object space 650240K, 23% used [0x00000000c0000000,0x00000000c985b378,0x00000000e7b00000)
 Metaspace       used 117168K, capacity 123564K, committed 123904K, reserved 1159168K
  class space    used 12922K, capacity 14762K, committed 14848K, reserved 1048576K
Event: 15886.907 GC heap after
Heap after GC invocations=616 (full 247):
 PSYoungGen      total 258048K, used 0K [0x00000000eab00000, 0x00000000fc080000, 0x0000000100000000)
  eden space 255488K, 0% used [0x00000000eab00000,0x00000000eab00000,0x00000000fa480000)
  from space 2560K, 0% used [0x00000000fa480000,0x00000000fa480000,0x00000000fa700000)
  to   space 14336K, 0% used [0x00000000fb280000,0x00000000fb280000,0x00000000fc080000)
 ParOldGen       total 650240K, used 156461K [0x00000000c0000000, 0x00000000e7b00000, 0x00000000eab00000)
  object space 650240K, 24% used [0x00000000c0000000,0x00000000c98cb7e0,0x00000000e7b00000)
 Metaspace       used 117168K, capacity 123564K, committed 123904K, reserved 1159168K
  class space    used 12922K, capacity 14762K, committed 14848K, reserved 1048576K
}

